2014/04/01 18:42:13 [warning] [application] CrugeFactory::getICrugeStoredUser
 **NO HALLADO** emanuelfriz@gmail.com
in C:\xampp\htdocs\yii\prueba\protected\modules\cruge\components\CrugeFactory.php (322)
in C:\xampp\htdocs\yii\prueba\protected\modules\cruge\components\CrugeUserManager.php (252)
in C:\xampp\htdocs\yii\prueba\protected\modules\cruge\models\ui\CrugeLogon.php (58)
2014/04/01 18:42:14 [warning] [application] CrugeFactory::getICrugeStoredUser
 **NO HALLADO** emanuelfriz@gmail.com
in C:\xampp\htdocs\yii\prueba\protected\modules\cruge\components\CrugeFactory.php (322)
in C:\xampp\htdocs\yii\prueba\protected\modules\cruge\components\CrugeUserManager.php (252)
in C:\xampp\htdocs\yii\prueba\protected\modules\cruge\models\auth\CrugeAuthDefault.php (68)
2014/04/01 18:42:14 [error] [application] UiController
CrugeUser->validate es false
<div class="errorSummary"><p>Please fix the following input errors:</p>
<ul>
<li>User not found</li>
<li>usuario o correo invalido</li>
</ul></div>
in C:\xampp\htdocs\yii\prueba\protected\modules\cruge\controllers\UiController.php (158)
in C:\xampp\htdocs\yii\prueba\index.php (13)
2014/04/17 12:39:06 [error] [exception.CDbException] exception 'CDbException' with message 'CDbConnection failed to open the DB connection: SQLSTATE[28000] [1045] Access denied for user 'root'@'localhost' (using password: NO)' in /Applications/MAMP/htdocs/yii/framework/db/CDbConnection.php:382
Stack trace:
#0 /Applications/MAMP/htdocs/yii/framework/db/CDbConnection.php(330): CDbConnection->open()
#1 /Applications/MAMP/htdocs/yii/framework/db/CDbConnection.php(308): CDbConnection->setActive(true)
#2 /Applications/MAMP/htdocs/yii/framework/base/CModule.php(387): CDbConnection->init()
#3 /Applications/MAMP/htdocs/yii/framework/base/CApplication.php(450): CModule->getComponent('db')
#4 /Applications/MAMP/htdocs/yii/framework/db/ar/CActiveRecord.php(634): CApplication->getDb()
#5 /Applications/MAMP/htdocs/yii/framework/db/ar/CActiveRecord.php(1428): CActiveRecord->getDbConnection()
#6 /Applications/MAMP/htdocs/yii/framework/db/ar/CActiveRecord.php(1484): CActiveRecord->getTableAlias(true)
#7 /Applications/MAMP/htdocs/yii/prueba/protected/modules/cruge/models/data/CrugeSession.php(90): CActiveRecord->findByPk('0')
#8 /Applications/MAMP/htdocs/yii/prueba/protected/modules/cruge/components/CrugeFactory.php(46): CrugeSession::loadModel('0')
#9 /Applications/MAMP/htdocs/yii/prueba/protected/modules/cruge/components/CrugeUserManager.php(412): CrugeFactory->getICrugeSession('0')
#10 /Applications/MAMP/htdocs/yii/prueba/protected/modules/cruge/components/CrugeWebUser.php(451): CrugeUserManager->loadSession('0')
#11 /Applications/MAMP/htdocs/yii/prueba/protected/modules/cruge/components/CrugeWebUser.php(229): CrugeWebUser->getICrugeSession()
#12 /Applications/MAMP/htdocs/yii/prueba/protected/modules/cruge/components/CrugeWebUser.php(242): CrugeWebUser->getId()
#13 /Applications/MAMP/htdocs/yii/framework/web/auth/CWebUser.php(200): CrugeWebUser->getIsGuest()
#14 /Applications/MAMP/htdocs/yii/prueba/protected/modules/cruge/components/CrugeWebUser.php(45): CWebUser->init()
#15 /Applications/MAMP/htdocs/yii/framework/base/CModule.php(387): CrugeWebUser->init()
#16 /Applications/MAMP/htdocs/yii/framework/base/CModule.php(103): CModule->getComponent('user')
#17 /Applications/MAMP/htdocs/yii/prueba/protected/views/layouts/main.php(36): CModule->__get('user')
#18 /Applications/MAMP/htdocs/yii/framework/web/CBaseController.php(126): require('/Applications/M...')
#19 /Applications/MAMP/htdocs/yii/framework/web/CBaseController.php(95): CBaseController->renderInternal('/Applications/M...', Array, true)
#20 /Applications/MAMP/htdocs/yii/framework/web/widgets/CContentDecorator.php(76): CBaseController->renderFile('/Applications/M...', Array, true)
#21 /Applications/MAMP/htdocs/yii/framework/web/widgets/CContentDecorator.php(54): CContentDecorator->decorate('<div id="conten...')
#22 /Applications/MAMP/htdocs/yii/framework/web/widgets/COutputProcessor.php(44): CContentDecorator->processOutput('<div id="conten...')
#23 /Applications/MAMP/htdocs/yii/framework/web/CBaseController.php(206): COutputProcessor->run()
#24 /Applications/MAMP/htdocs/yii/framework/web/CBaseController.php(300): CBaseController->endWidget('CContentDecorat...')
#25 /Applications/MAMP/htdocs/yii/prueba/protected/views/layouts/column1.php(6): CBaseController->endContent()
#26 /Applications/MAMP/htdocs/yii/framework/web/CBaseController.php(126): require('/Applications/M...')
#27 /Applications/MAMP/htdocs/yii/framework/web/CBaseController.php(95): CBaseController->renderInternal('/Applications/M...', Array, true)
#28 /Applications/MAMP/htdocs/yii/framework/web/CController.php(784): CBaseController->renderFile('/Applications/M...', Array, true)
#29 /Applications/MAMP/htdocs/yii/prueba/protected/controllers/SiteController.php(32): CController->render('index')
#30 /Applications/MAMP/htdocs/yii/framework/web/actions/CInlineAction.php(49): SiteController->actionIndex()
#31 /Applications/MAMP/htdocs/yii/framework/web/CController.php(308): CInlineAction->runWithParams(Array)
#32 /Applications/MAMP/htdocs/yii/framework/web/CController.php(286): CController->runAction(Object(CInlineAction))
#33 /Applications/MAMP/htdocs/yii/framework/web/CController.php(265): CController->runActionWithFilters(Object(CInlineAction), Array)
#34 /Applications/MAMP/htdocs/yii/framework/web/CWebApplication.php(282): CController->run('')
#35 /Applications/MAMP/htdocs/yii/framework/web/CWebApplication.php(141): CWebApplication->runController('')
#36 /Applications/MAMP/htdocs/yii/framework/base/CApplication.php(180): CWebApplication->processRequest()
#37 /Applications/MAMP/htdocs/yii/prueba/index.php(13): CApplication->run()
#38 {main}
REQUEST_URI=/yii/prueba/
---
2014/04/17 12:49:21 [error] [exception.CDbException] exception 'CDbException' with message 'CDbConnection failed to open the DB connection: SQLSTATE[28000] [1045] Access denied for user 'root'@'localhost' (using password: NO)' in /Applications/MAMP/htdocs/yii/framework/db/CDbConnection.php:382
Stack trace:
#0 /Applications/MAMP/htdocs/yii/framework/db/CDbConnection.php(330): CDbConnection->open()
#1 /Applications/MAMP/htdocs/yii/framework/db/CDbConnection.php(308): CDbConnection->setActive(true)
#2 /Applications/MAMP/htdocs/yii/framework/base/CModule.php(387): CDbConnection->init()
#3 /Applications/MAMP/htdocs/yii/framework/base/CApplication.php(450): CModule->getComponent('db')
#4 /Applications/MAMP/htdocs/yii/framework/db/ar/CActiveRecord.php(634): CApplication->getDb()
#5 /Applications/MAMP/htdocs/yii/framework/db/ar/CActiveRecord.php(1428): CActiveRecord->getDbConnection()
#6 /Applications/MAMP/htdocs/yii/framework/db/ar/CActiveRecord.php(1484): CActiveRecord->getTableAlias(true)
#7 /Applications/MAMP/htdocs/yii/prueba/protected/modules/cruge/models/data/CrugeSession.php(90): CActiveRecord->findByPk('0')
#8 /Applications/MAMP/htdocs/yii/prueba/protected/modules/cruge/components/CrugeFactory.php(46): CrugeSession::loadModel('0')
#9 /Applications/MAMP/htdocs/yii/prueba/protected/modules/cruge/components/CrugeUserManager.php(412): CrugeFactory->getICrugeSession('0')
#10 /Applications/MAMP/htdocs/yii/prueba/protected/modules/cruge/components/CrugeWebUser.php(451): CrugeUserManager->loadSession('0')
#11 /Applications/MAMP/htdocs/yii/prueba/protected/modules/cruge/components/CrugeWebUser.php(229): CrugeWebUser->getICrugeSession()
#12 /Applications/MAMP/htdocs/yii/prueba/protected/modules/cruge/components/CrugeWebUser.php(242): CrugeWebUser->getId()
#13 /Applications/MAMP/htdocs/yii/framework/web/auth/CWebUser.php(200): CrugeWebUser->getIsGuest()
#14 /Applications/MAMP/htdocs/yii/prueba/protected/modules/cruge/components/CrugeWebUser.php(45): CWebUser->init()
#15 /Applications/MAMP/htdocs/yii/framework/base/CModule.php(387): CrugeWebUser->init()
#16 /Applications/MAMP/htdocs/yii/framework/base/CModule.php(103): CModule->getComponent('user')
#17 /Applications/MAMP/htdocs/yii/prueba/protected/views/layouts/main.php(36): CModule->__get('user')
#18 /Applications/MAMP/htdocs/yii/framework/web/CBaseController.php(126): require('/Applications/M...')
#19 /Applications/MAMP/htdocs/yii/framework/web/CBaseController.php(95): CBaseController->renderInternal('/Applications/M...', Array, true)
#20 /Applications/MAMP/htdocs/yii/framework/web/widgets/CContentDecorator.php(76): CBaseController->renderFile('/Applications/M...', Array, true)
#21 /Applications/MAMP/htdocs/yii/framework/web/widgets/CContentDecorator.php(54): CContentDecorator->decorate('<div id="conten...')
#22 /Applications/MAMP/htdocs/yii/framework/web/widgets/COutputProcessor.php(44): CContentDecorator->processOutput('<div id="conten...')
#23 /Applications/MAMP/htdocs/yii/framework/web/CBaseController.php(206): COutputProcessor->run()
#24 /Applications/MAMP/htdocs/yii/framework/web/CBaseController.php(300): CBaseController->endWidget('CContentDecorat...')
#25 /Applications/MAMP/htdocs/yii/prueba/protected/views/layouts/column1.php(6): CBaseController->endContent()
#26 /Applications/MAMP/htdocs/yii/framework/web/CBaseController.php(126): require('/Applications/M...')
#27 /Applications/MAMP/htdocs/yii/framework/web/CBaseController.php(95): CBaseController->renderInternal('/Applications/M...', Array, true)
#28 /Applications/MAMP/htdocs/yii/framework/web/CController.php(784): CBaseController->renderFile('/Applications/M...', Array, true)
#29 /Applications/MAMP/htdocs/yii/prueba/protected/controllers/SiteController.php(32): CController->render('index')
#30 /Applications/MAMP/htdocs/yii/framework/web/actions/CInlineAction.php(49): SiteController->actionIndex()
#31 /Applications/MAMP/htdocs/yii/framework/web/CController.php(308): CInlineAction->runWithParams(Array)
#32 /Applications/MAMP/htdocs/yii/framework/web/CController.php(286): CController->runAction(Object(CInlineAction))
#33 /Applications/MAMP/htdocs/yii/framework/web/CController.php(265): CController->runActionWithFilters(Object(CInlineAction), Array)
#34 /Applications/MAMP/htdocs/yii/framework/web/CWebApplication.php(282): CController->run('')
#35 /Applications/MAMP/htdocs/yii/framework/web/CWebApplication.php(141): CWebApplication->runController('')
#36 /Applications/MAMP/htdocs/yii/framework/base/CApplication.php(180): CWebApplication->processRequest()
#37 /Applications/MAMP/htdocs/yii/prueba/index.php(13): CApplication->run()
#38 {main}
REQUEST_URI=/yii/prueba/
---
